<?xml version="1.0" encoding="UTF-8"?>
<testsuite xmlns:xsi="http://www.w3.org/2001/XMLSchema-instance" xsi:noNamespaceSchemaLocation="https://maven.apache.org/surefire/maven-surefire-plugin/xsd/surefire-test-report-3.0.xsd" version="3.0" name="TestSuite" time="69.233" tests="1" errors="0" skipped="0" failures="0">
  <properties>
[...]
</properties>
  <testcase name="generalStoreApp" classname="testCases.Journey" time="59.439">
    <system-out><![CDATA[2024-May-07 18:43:45 [main] INFO  base.BaseTest - Runnig Before Class
starting: generalStoreApp
2024-May-07 18:43:46 [main] INFO  base.BaseTest - starting: generalStoreApp
2024-May-07 18:43:57 [main] INFO  base.BasePage - Drop Down is clicked
2024-May-07 18:44:21 [main] INFO  base.BasePage - India is clicked
2024-May-07 18:44:23 [main] INFO  base.BasePage - text Roy is entered in text box
2024-May-07 18:44:24 [main] INFO  base.BasePage - Lets Begin is clicked
2024-May-07 18:44:34 [main] INFO  base.BasePage - ADD TO CART For PG3 is clicked
2024-May-07 18:44:37 [main] INFO  base.BasePage - ADD TO CART For Nike SFB Jungle is clicked
2024-May-07 18:44:38 [main] INFO  base.BasePage - $110.0 is fetched successfully.
2024-May-07 18:44:39 [main] INFO  base.BasePage - $116.97 is fetched successfully.
2024-May-07 18:44:40 [main] INFO  base.BasePage - Cart Icon is clicked
2024-May-07 18:44:41 [main] INFO  base.BasePage - $110.0 is fetched successfully.
2024-May-07 18:44:42 [main] INFO  base.BasePage - $116.97 is fetched successfully.
Checking:Amount Matched
Expected: 226.97
Actual: 226.97
2024-May-07 18:44:43 [main] INFO  base.BasePage -  - Amount Matched  |   Actual: 226.97 and  Expected: 226.97
2024-May-07 18:44:44 [main] INFO  base.BasePage - Check Box is clicked
2024-May-07 18:44:46 [main] INFO  base.BasePage - Visit to the website to complete purchase is clicked
[NATIVE_APP, WEBVIEW_com.androidsample.generalstore]
[NATIVE_APP, WEBVIEW_com.androidsample.generalstore]
2024-May-07 18:44:50 [main] INFO  base.BasePage - text General Store is entered in text box
2024-May-07 18:44:53 [main] INFO  base.BasePage - Enter name here is displayed successfully.
]]></system-out>
    <system-err><![CDATA[May 07, 2024 6:43:52 PM io.appium.java_client.remote.AppiumCommandExecutor$1 lambda$0
INFO: Detected dialect: W3C
]]></system-err>
  </testcase>
</testsuite>