<?xml version="1.0" encoding="UTF-8"?>
<testng-results skipped="0" failed="0" ignored="0" total="1" passed="1">
  <reporter-output>
    <line>
      <![CDATA[Checking:Amount Matched]]>
    </line>
    <line>
      <![CDATA[Expected: 226.97]]>
    </line>
    <line>
      <![CDATA[Actual: 226.97]]>
    </line>
  </reporter-output>
  <suite name="Default suite" duration-ms="69337" started-at="2024-05-07T18:54:01 IST" finished-at="2024-05-07T18:55:10 IST">
    <groups>
    </groups>
    <test name="Default test" duration-ms="69337" started-at="2024-05-07T18:54:01 IST" finished-at="2024-05-07T18:55:10 IST">
      <class name="testCases.Journey">
        <test-method status="PASS" signature="beforeSuite()[pri:0, instance:testCases.Journey@cb51256]" name="beforeSuite" is-config="true" duration-ms="8" started-at="2024-05-07T18:54:01 IST" finished-at="2024-05-07T18:54:01 IST">
          <reporter-output>
          </reporter-output>
        </test-method> <!-- beforeSuite -->
        <test-method status="PASS" signature="configBc(org.testng.ITestContext)[pri:0, instance:testCases.Journey@cb51256]" name="configBc" is-config="true" duration-ms="300" started-at="2024-05-07T18:54:01 IST" finished-at="2024-05-07T18:54:01 IST">
          <params>
            <param index="0">
              <value>
                <![CDATA[org.testng.TestRunner@1bfe3203]]>
              </value>
            </param>
          </params>
          <reporter-output>
          </reporter-output>
        </test-method> <!-- configBc -->
        <test-method status="PASS" signature="configBm(org.testng.ITestResult)[pri:0, instance:testCases.Journey@cb51256]" name="configBm" is-config="true" duration-ms="8246" started-at="2024-05-07T18:54:01 IST" finished-at="2024-05-07T18:54:09 IST">
          <params>
            <param index="0">
              <value>
                <![CDATA[[TestResult name={null} status=CREATED method=Journey.generalStoreApp()[pri:0, instance:testCases.Journey@cb51256] output={null}]]]>
              </value>
            </param>
          </params>
          <reporter-output>
          </reporter-output>
        </test-method> <!-- configBm -->
        <test-method status="PASS" signature="generalStoreApp()[pri:0, instance:testCases.Journey@cb51256]" name="generalStoreApp" duration-ms="59501" started-at="2024-05-07T18:54:09 IST" finished-at="2024-05-07T18:55:09 IST">
          <reporter-output>
            <line>
              <![CDATA[Checking:Amount Matched]]>
            </line>
            <line>
              <![CDATA[Expected: 226.97]]>
            </line>
            <line>
              <![CDATA[Actual: 226.97]]>
            </line>
          </reporter-output>
        </test-method> <!-- generalStoreApp -->
        <test-method status="PASS" signature="configAm(org.testng.ITestResult)[pri:0, instance:testCases.Journey@cb51256]" name="configAm" is-config="true" duration-ms="1270" started-at="2024-05-07T18:55:09 IST" finished-at="2024-05-07T18:55:10 IST">
          <params>
            <param index="0">
              <value>
                <![CDATA[[TestResult name=generalStoreApp status=SUCCESS method=Journey.generalStoreApp()[pri:0, instance:testCases.Journey@cb51256] output=Checking:Amount Matched]]]>
              </value>
            </param>
          </params>
          <reporter-output>
          </reporter-output>
        </test-method> <!-- configAm -->
      </class> <!-- testCases.Journey -->
    </test> <!-- Default test -->
  </suite> <!-- Default suite -->
</testng-results>
